  ConsoleApplication2.cpp
c:\users\alchemy.desktop-v8a10hm\documents\source codes\consoleapplication2\consoleapplication2\modules.h(18): error C3646: 'getunits': unknown override specifier
c:\users\alchemy.desktop-v8a10hm\documents\source codes\consoleapplication2\consoleapplication2\modules.h(18): error C2059: syntax error: '('
c:\users\alchemy.desktop-v8a10hm\documents\source codes\consoleapplication2\consoleapplication2\modules.h(18): error C2238: unexpected token(s) preceding ';'
  course.cpp
c:\users\alchemy.desktop-v8a10hm\documents\source codes\consoleapplication2\consoleapplication2\modules.h(18): error C3646: 'getunits': unknown override specifier
c:\users\alchemy.desktop-v8a10hm\documents\source codes\consoleapplication2\consoleapplication2\modules.h(18): error C2059: syntax error: '('
c:\users\alchemy.desktop-v8a10hm\documents\source codes\consoleapplication2\consoleapplication2\modules.h(18): error C2238: unexpected token(s) preceding ';'
c:\users\alchemy.desktop-v8a10hm\documents\source codes\consoleapplication2\consoleapplication2\course.cpp(12): warning C4018: '<': signed/unsigned mismatch
c:\users\alchemy.desktop-v8a10hm\documents\source codes\consoleapplication2\consoleapplication2\course.cpp(13): error C2676: binary '[': 'std::list<modules,std::allocator<_Ty>>' does not define this operator or a conversion to a type acceptable to the predefined operator
          with
          [
              _Ty=modules
          ]
  modules.cpp
c:\users\alchemy.desktop-v8a10hm\documents\source codes\consoleapplication2\consoleapplication2\modules.h(18): error C3646: 'getunits': unknown override specifier
c:\users\alchemy.desktop-v8a10hm\documents\source codes\consoleapplication2\consoleapplication2\modules.h(18): error C2059: syntax error: '('
c:\users\alchemy.desktop-v8a10hm\documents\source codes\consoleapplication2\consoleapplication2\modules.h(18): error C2238: unexpected token(s) preceding ';'
c:\users\alchemy.desktop-v8a10hm\documents\source codes\consoleapplication2\consoleapplication2\modules.cpp(17): error C2039: 'getunits': is not a member of 'modules'
  c:\users\alchemy.desktop-v8a10hm\documents\source codes\consoleapplication2\consoleapplication2\modules.h(8): note: see declaration of 'modules'
c:\users\alchemy.desktop-v8a10hm\documents\source codes\consoleapplication2\consoleapplication2\modules.cpp(17): error C4430: missing type specifier - int assumed. Note: C++ does not support default-int
c:\users\alchemy.desktop-v8a10hm\documents\source codes\consoleapplication2\consoleapplication2\modules.cpp(17): error C2146: syntax error: missing ';' before identifier 'getunits'
c:\users\alchemy.desktop-v8a10hm\documents\source codes\consoleapplication2\consoleapplication2\modules.cpp(18): error C2143: syntax error: missing ';' before '{'
c:\users\alchemy.desktop-v8a10hm\documents\source codes\consoleapplication2\consoleapplication2\modules.cpp(18): error C2447: '{': missing function header (old-style formal list?)
  trainer.cpp
c:\users\alchemy.desktop-v8a10hm\documents\source codes\consoleapplication2\consoleapplication2\trainer.cpp(6): error C2511: 'trainer::trainer(void)': overloaded member function not found in 'trainer'
  c:\users\alchemy.desktop-v8a10hm\documents\source codes\consoleapplication2\consoleapplication2\trainer.h(7): note: see declaration of 'trainer'
c:\users\alchemy.desktop-v8a10hm\documents\source codes\consoleapplication2\consoleapplication2\trainer.cpp(20): error C3867: 'Organization::getname': non-standard syntax; use '&' to create a pointer to member
c:\users\alchemy.desktop-v8a10hm\documents\source codes\consoleapplication2\consoleapplication2\trainer.cpp(20): error C2440: 'return': cannot convert from 'std::string (__thiscall Organization::* )(void)' to 'std::basic_string<char,std::char_traits<char>,std::allocator<char>>'
  c:\users\alchemy.desktop-v8a10hm\documents\source codes\consoleapplication2\consoleapplication2\trainer.cpp(20): note: No constructor could take the source type, or constructor overload resolution was ambiguous
  Generating Code...
